<?xml version="1.0" encoding="UTF-8"?>
<testsuite name="postmanTest" tests="1" skipped="0" failures="0" errors="0" timestamp="2021-10-30T23:01:48" hostname="DESKTOP-HNOC113" time="9.171">
  <properties/>
  <testcase name="postmanTest()" classname="postmanTest" time="9.171"/>
  <system-out><![CDATA[]]></system-out>
  <system-err><![CDATA[]]></system-err>
</testsuite>
